2018-12-04 14:47:03 Error: [PDOException] SQLSTATE[HY000] [1045] Access denied for user 'my_app'@'localhost' (using password: YES) in C:\xampp\htdocs\gameforest\vendor\cakephp\cakephp\src\Database\Driver.php on line 92
Stack Trace:
#0 C:\xampp\htdocs\gameforest\vendor\cakephp\cakephp\src\Database\Driver.php(92): PDO->__construct('mysql:host=loca...', 'my_app', 'secret', Array)
#1 C:\xampp\htdocs\gameforest\vendor\cakephp\cakephp\src\Database\Driver\Mysql.php(106): Cake\Database\Driver->_connect('mysql:host=loca...', Array)
#2 C:\xampp\htdocs\gameforest\vendor\cakephp\cakephp\src\Database\Schema\BaseSchema.php(45): Cake\Database\Driver\Mysql->connect()
#3 C:\xampp\htdocs\gameforest\vendor\cakephp\cakephp\src\Database\Dialect\MysqlDialectTrait.php(63): Cake\Database\Schema\BaseSchema->__construct(Object(Cake\Database\Driver\Mysql))
#4 C:\xampp\htdocs\gameforest\vendor\cakephp\cakephp\src\Database\Schema\Collection.php(52): Cake\Database\Driver\Mysql->schemaDialect()
#5 C:\xampp\htdocs\gameforest\vendor\cakephp\cakephp\src\Database\Schema\CachedCollection.php(42): Cake\Database\Schema\Collection->__construct(Object(Cake\Database\Connection))
#6 C:\xampp\htdocs\gameforest\vendor\cakephp\cakephp\src\Database\Connection.php(391): Cake\Database\Schema\CachedCollection->__construct(Object(Cake\Database\Connection), true)
#7 C:\xampp\htdocs\gameforest\vendor\cakephp\bake\src\Shell\Task\ModelTask.php(1034): Cake\Database\Connection->getSchemaCollection()
#8 C:\xampp\htdocs\gameforest\vendor\cakephp\bake\src\Shell\Task\ModelTask.php(988): Bake\Shell\Task\ModelTask->_getAllTables()
#9 C:\xampp\htdocs\gameforest\vendor\cakephp\bake\src\Shell\Task\ModelTask.php(212): Bake\Shell\Task\ModelTask->listAll()
#10 C:\xampp\htdocs\gameforest\vendor\cakephp\bake\src\Shell\Task\ModelTask.php(130): Bake\Shell\Task\ModelTask->getAssociations(Object(Cake\ORM\Table))
#11 C:\xampp\htdocs\gameforest\vendor\cakephp\bake\src\Shell\Task\ModelTask.php(113): Bake\Shell\Task\ModelTask->getTableContext(Object(Cake\ORM\Table), 'users', 'Users')
#12 C:\xampp\htdocs\gameforest\vendor\cakephp\bake\src\Shell\Task\ModelTask.php(100): Bake\Shell\Task\ModelTask->bake('Users')
#13 C:\xampp\htdocs\gameforest\vendor\cakephp\bake\src\Shell\BakeShell.php(273): Bake\Shell\Task\ModelTask->main('Users')
#14 C:\xampp\htdocs\gameforest\vendor\cakephp\cakephp\src\Collection\CollectionTrait.php(51): Bake\Shell\BakeShell->Bake\Shell\{closure}('Users', 0)
#15 C:\xampp\htdocs\gameforest\vendor\cakephp\bake\src\Shell\BakeShell.php(274): Cake\Collection\Collection->each(Object(Closure))
#16 C:\xampp\htdocs\gameforest\vendor\cakephp\cakephp\src\Console\Shell.php(518): Bake\Shell\BakeShell->all('users')
#17 C:\xampp\htdocs\gameforest\vendor\cakephp\cakephp\src\Console\CommandRunner.php(342): Cake\Console\Shell->runCommand(Array, true)
#18 C:\xampp\htdocs\gameforest\vendor\cakephp\cakephp\src\Console\CommandRunner.php(164): Cake\Console\CommandRunner->runShell(Object(Bake\Shell\BakeShell), Array)
#19 C:\xampp\htdocs\gameforest\bin\cake.php(12): Cake\Console\CommandRunner->run(Array)
#20 {main}


2018-12-04 14:49:37 Error: [PDOException] SQLSTATE[HY000] [1045] Access denied for user 'root'@'localhost' (using password: YES) in C:\xampp\htdocs\gameforest\vendor\cakephp\cakephp\src\Database\Driver.php on line 92
Stack Trace:
#0 C:\xampp\htdocs\gameforest\vendor\cakephp\cakephp\src\Database\Driver.php(92): PDO->__construct('mysql:host=loca...', 'root', 'root', Array)
#1 C:\xampp\htdocs\gameforest\vendor\cakephp\cakephp\src\Database\Driver\Mysql.php(106): Cake\Database\Driver->_connect('mysql:host=loca...', Array)
#2 C:\xampp\htdocs\gameforest\vendor\cakephp\cakephp\src\Database\Schema\BaseSchema.php(45): Cake\Database\Driver\Mysql->connect()
#3 C:\xampp\htdocs\gameforest\vendor\cakephp\cakephp\src\Database\Dialect\MysqlDialectTrait.php(63): Cake\Database\Schema\BaseSchema->__construct(Object(Cake\Database\Driver\Mysql))
#4 C:\xampp\htdocs\gameforest\vendor\cakephp\cakephp\src\Database\Schema\Collection.php(52): Cake\Database\Driver\Mysql->schemaDialect()
#5 C:\xampp\htdocs\gameforest\vendor\cakephp\cakephp\src\Database\Schema\CachedCollection.php(42): Cake\Database\Schema\Collection->__construct(Object(Cake\Database\Connection))
#6 C:\xampp\htdocs\gameforest\vendor\cakephp\cakephp\src\Database\Connection.php(391): Cake\Database\Schema\CachedCollection->__construct(Object(Cake\Database\Connection), true)
#7 C:\xampp\htdocs\gameforest\vendor\cakephp\bake\src\Shell\Task\ModelTask.php(1034): Cake\Database\Connection->getSchemaCollection()
#8 C:\xampp\htdocs\gameforest\vendor\cakephp\bake\src\Shell\Task\ModelTask.php(988): Bake\Shell\Task\ModelTask->_getAllTables()
#9 C:\xampp\htdocs\gameforest\vendor\cakephp\bake\src\Shell\Task\ModelTask.php(212): Bake\Shell\Task\ModelTask->listAll()
#10 C:\xampp\htdocs\gameforest\vendor\cakephp\bake\src\Shell\Task\ModelTask.php(130): Bake\Shell\Task\ModelTask->getAssociations(Object(Cake\ORM\Table))
#11 C:\xampp\htdocs\gameforest\vendor\cakephp\bake\src\Shell\Task\ModelTask.php(113): Bake\Shell\Task\ModelTask->getTableContext(Object(Cake\ORM\Table), 'users', 'Users')
#12 C:\xampp\htdocs\gameforest\vendor\cakephp\bake\src\Shell\Task\ModelTask.php(100): Bake\Shell\Task\ModelTask->bake('Users')
#13 C:\xampp\htdocs\gameforest\vendor\cakephp\bake\src\Shell\BakeShell.php(273): Bake\Shell\Task\ModelTask->main('Users')
#14 C:\xampp\htdocs\gameforest\vendor\cakephp\cakephp\src\Collection\CollectionTrait.php(51): Bake\Shell\BakeShell->Bake\Shell\{closure}('Users', 0)
#15 C:\xampp\htdocs\gameforest\vendor\cakephp\bake\src\Shell\BakeShell.php(274): Cake\Collection\Collection->each(Object(Closure))
#16 C:\xampp\htdocs\gameforest\vendor\cakephp\cakephp\src\Console\Shell.php(518): Bake\Shell\BakeShell->all('users')
#17 C:\xampp\htdocs\gameforest\vendor\cakephp\cakephp\src\Console\CommandRunner.php(342): Cake\Console\Shell->runCommand(Array, true)
#18 C:\xampp\htdocs\gameforest\vendor\cakephp\cakephp\src\Console\CommandRunner.php(164): Cake\Console\CommandRunner->runShell(Object(Bake\Shell\BakeShell), Array)
#19 C:\xampp\htdocs\gameforest\bin\cake.php(12): Cake\Console\CommandRunner->run(Array)
#20 {main}


2018-12-09 12:26:23 Error: [PDOException] SQLSTATE[HY000] [1044] Access denied for user 'projectk_thathu'@'%' to database 'projectk_samhoidi' in C:\xampp\htdocs\gameforest\vendor\cakephp\cakephp\src\Database\Driver.php on line 92
Stack Trace:
#0 C:\xampp\htdocs\gameforest\vendor\cakephp\cakephp\src\Database\Driver.php(92): PDO->__construct('mysql:host=112....', 'projectk_thathu', '@dangxamhoi', Array)
#1 C:\xampp\htdocs\gameforest\vendor\cakephp\cakephp\src\Database\Driver\Mysql.php(106): Cake\Database\Driver->_connect('mysql:host=112....', Array)
#2 C:\xampp\htdocs\gameforest\vendor\cakephp\cakephp\src\Database\Schema\BaseSchema.php(45): Cake\Database\Driver\Mysql->connect()
#3 C:\xampp\htdocs\gameforest\vendor\cakephp\cakephp\src\Database\Dialect\MysqlDialectTrait.php(63): Cake\Database\Schema\BaseSchema->__construct(Object(Cake\Database\Driver\Mysql))
#4 C:\xampp\htdocs\gameforest\vendor\cakephp\cakephp\src\Database\Schema\Collection.php(52): Cake\Database\Driver\Mysql->schemaDialect()
#5 C:\xampp\htdocs\gameforest\vendor\cakephp\cakephp\src\Database\Schema\CachedCollection.php(42): Cake\Database\Schema\Collection->__construct(Object(Cake\Database\Connection))
#6 C:\xampp\htdocs\gameforest\vendor\cakephp\cakephp\src\Database\Connection.php(391): Cake\Database\Schema\CachedCollection->__construct(Object(Cake\Database\Connection), true)
#7 C:\xampp\htdocs\gameforest\vendor\cakephp\bake\src\Shell\Task\ModelTask.php(1034): Cake\Database\Connection->getSchemaCollection()
#8 C:\xampp\htdocs\gameforest\vendor\cakephp\bake\src\Shell\Task\ModelTask.php(988): Bake\Shell\Task\ModelTask->_getAllTables()
#9 C:\xampp\htdocs\gameforest\vendor\cakephp\bake\src\Shell\Task\ModelTask.php(212): Bake\Shell\Task\ModelTask->listAll()
#10 C:\xampp\htdocs\gameforest\vendor\cakephp\bake\src\Shell\Task\ModelTask.php(130): Bake\Shell\Task\ModelTask->getAssociations(Object(App\Model\Table\UsersTable))
#11 C:\xampp\htdocs\gameforest\vendor\cakephp\bake\src\Shell\Task\ModelTask.php(113): Bake\Shell\Task\ModelTask->getTableContext(Object(App\Model\Table\UsersTable), 'users', 'Users')
#12 C:\xampp\htdocs\gameforest\vendor\cakephp\bake\src\Shell\Task\ModelTask.php(100): Bake\Shell\Task\ModelTask->bake('Users')
#13 C:\xampp\htdocs\gameforest\vendor\cakephp\bake\src\Shell\BakeShell.php(273): Bake\Shell\Task\ModelTask->main('Users')
#14 C:\xampp\htdocs\gameforest\vendor\cakephp\cakephp\src\Collection\CollectionTrait.php(51): Bake\Shell\BakeShell->Bake\Shell\{closure}('Users', 0)
#15 C:\xampp\htdocs\gameforest\vendor\cakephp\bake\src\Shell\BakeShell.php(274): Cake\Collection\Collection->each(Object(Closure))
#16 C:\xampp\htdocs\gameforest\vendor\cakephp\cakephp\src\Console\Shell.php(518): Bake\Shell\BakeShell->all('users')
#17 C:\xampp\htdocs\gameforest\vendor\cakephp\cakephp\src\Console\CommandRunner.php(342): Cake\Console\Shell->runCommand(Array, true)
#18 C:\xampp\htdocs\gameforest\vendor\cakephp\cakephp\src\Console\CommandRunner.php(164): Cake\Console\CommandRunner->runShell(Object(Bake\Shell\BakeShell), Array)
#19 C:\xampp\htdocs\gameforest\bin\cake.php(12): Cake\Console\CommandRunner->run(Array)
#20 {main}


2018-12-09 12:27:05 Error: [PDOException] SQLSTATE[HY000] [1045] Access denied for user 'projectk_thathu'@'1.55.194.51' (using password: NO) in C:\xampp\htdocs\gameforest\vendor\cakephp\cakephp\src\Database\Driver.php on line 92
Stack Trace:
#0 C:\xampp\htdocs\gameforest\vendor\cakephp\cakephp\src\Database\Driver.php(92): PDO->__construct('mysql:host=112....', 'projectk_thathu', '', Array)
#1 C:\xampp\htdocs\gameforest\vendor\cakephp\cakephp\src\Database\Driver\Mysql.php(106): Cake\Database\Driver->_connect('mysql:host=112....', Array)
#2 C:\xampp\htdocs\gameforest\vendor\cakephp\cakephp\src\Database\Schema\BaseSchema.php(45): Cake\Database\Driver\Mysql->connect()
#3 C:\xampp\htdocs\gameforest\vendor\cakephp\cakephp\src\Database\Dialect\MysqlDialectTrait.php(63): Cake\Database\Schema\BaseSchema->__construct(Object(Cake\Database\Driver\Mysql))
#4 C:\xampp\htdocs\gameforest\vendor\cakephp\cakephp\src\Database\Schema\Collection.php(52): Cake\Database\Driver\Mysql->schemaDialect()
#5 C:\xampp\htdocs\gameforest\vendor\cakephp\cakephp\src\Database\Schema\CachedCollection.php(42): Cake\Database\Schema\Collection->__construct(Object(Cake\Database\Connection))
#6 C:\xampp\htdocs\gameforest\vendor\cakephp\cakephp\src\Database\Connection.php(391): Cake\Database\Schema\CachedCollection->__construct(Object(Cake\Database\Connection), true)
#7 C:\xampp\htdocs\gameforest\vendor\cakephp\bake\src\Shell\Task\ModelTask.php(1034): Cake\Database\Connection->getSchemaCollection()
#8 C:\xampp\htdocs\gameforest\vendor\cakephp\bake\src\Shell\Task\ModelTask.php(988): Bake\Shell\Task\ModelTask->_getAllTables()
#9 C:\xampp\htdocs\gameforest\vendor\cakephp\bake\src\Shell\Task\ModelTask.php(212): Bake\Shell\Task\ModelTask->listAll()
#10 C:\xampp\htdocs\gameforest\vendor\cakephp\bake\src\Shell\Task\ModelTask.php(130): Bake\Shell\Task\ModelTask->getAssociations(Object(App\Model\Table\UsersTable))
#11 C:\xampp\htdocs\gameforest\vendor\cakephp\bake\src\Shell\Task\ModelTask.php(113): Bake\Shell\Task\ModelTask->getTableContext(Object(App\Model\Table\UsersTable), 'users', 'Users')
#12 C:\xampp\htdocs\gameforest\vendor\cakephp\bake\src\Shell\Task\ModelTask.php(100): Bake\Shell\Task\ModelTask->bake('Users')
#13 C:\xampp\htdocs\gameforest\vendor\cakephp\bake\src\Shell\BakeShell.php(273): Bake\Shell\Task\ModelTask->main('Users')
#14 C:\xampp\htdocs\gameforest\vendor\cakephp\cakephp\src\Collection\CollectionTrait.php(51): Bake\Shell\BakeShell->Bake\Shell\{closure}('Users', 0)
#15 C:\xampp\htdocs\gameforest\vendor\cakephp\bake\src\Shell\BakeShell.php(274): Cake\Collection\Collection->each(Object(Closure))
#16 C:\xampp\htdocs\gameforest\vendor\cakephp\cakephp\src\Console\Shell.php(518): Bake\Shell\BakeShell->all('users')
#17 C:\xampp\htdocs\gameforest\vendor\cakephp\cakephp\src\Console\CommandRunner.php(342): Cake\Console\Shell->runCommand(Array, true)
#18 C:\xampp\htdocs\gameforest\vendor\cakephp\cakephp\src\Console\CommandRunner.php(164): Cake\Console\CommandRunner->runShell(Object(Bake\Shell\BakeShell), Array)
#19 C:\xampp\htdocs\gameforest\bin\cake.php(12): Cake\Console\CommandRunner->run(Array)
#20 {main}


